
PKEY                         ,    CON_ID,NAME                                                                  ,CURRE,DETECTED_USAGES,TOTAL_SAMPLES,FIRST_USAGE   ,LAST_USAGE    , AUX_COUNT
ol79-orcl-db01_ORCLCDB_132841,         1,ACFS                                                                  ,FALSE,              0,           17,              ,              ,
ol79-orcl-db01_ORCLCDB_132841,         1,ACFS Encryption                                                       ,FALSE,              0,           17,              ,              ,
ol79-orcl-db01_ORCLCDB_132841,         1,ACFS Snapshot                                                         ,FALSE,              0,           17,              ,              ,
ol79-orcl-db01_ORCLCDB_132841,         1,ADDM                                                                  ,FALSE,              3,           17,01/15/21 21:56,04/03/21 05:23,         0
ol79-orcl-db01_ORCLCDB_132841,         1,ASM Filter Driver                                                     ,FALSE,              0,           17,              ,              ,
ol79-orcl-db01_ORCLCDB_132841,         1,ASO native encryption and checksumming                                ,FALSE,              0,           17,              ,              ,
ol79-orcl-db01_ORCLCDB_132841,         1,AWR Baseline                                                          ,FALSE,              0,           17,              ,              ,
ol79-orcl-db01_ORCLCDB_132841,         1,AWR Baseline Template                                                 ,FALSE,              0,           17,              ,              ,
ol79-orcl-db01_ORCLCDB_132841,         1,AWR Report                                                            ,FALSE,              3,           17,01/15/21 21:56,04/03/21 05:23,         2
ol79-orcl-db01_ORCLCDB_132841,         1,Active Data Guard - Real-Time Query on Physical Standby               ,FALSE,              0,           17,              ,              ,
ol79-orcl-db01_ORCLCDB_132841,         1,Adaptive Plans                                                        ,TRUE ,             17,           17,01/15/21 21:56,05/08/21 08:18,
ol79-orcl-db01_ORCLCDB_132841,         1,Advanced Index Compression                                            ,FALSE,              0,           17,              ,              ,
ol79-orcl-db01_ORCLCDB_132841,         1,Advanced Replication                                                  ,FALSE,              0,           17,              ,              ,
ol79-orcl-db01_ORCLCDB_132841,         1,Application Continuity                                                ,FALSE,              0,           17,              ,              ,
ol79-orcl-db01_ORCLCDB_132841,         1,Application Express                                                   ,FALSE,              0,           17,              ,              ,
ol79-orcl-db01_ORCLCDB_132841,         1,Automatic Maintenance - Optimizer Statistics Gathering                ,TRUE ,             17,           17,01/15/21 21:56,05/08/21 08:18,        11
ol79-orcl-db01_ORCLCDB_132841,         1,Automatic Maintenance - SQL Tuning Advisor                            ,TRUE ,             17,           17,01/15/21 21:56,05/08/21 08:18,         7
ol79-orcl-db01_ORCLCDB_132841,         1,Automatic Maintenance - Space Advisor                                 ,TRUE ,             17,           17,01/15/21 21:56,05/08/21 08:18,        11
ol79-orcl-db01_ORCLCDB_132841,         1,Automatic Memory Tuning                                               ,FALSE,              0,           17,              ,              ,
ol79-orcl-db01_ORCLCDB_132841,         1,Automatic Reoptimization                                              ,TRUE ,             17,           17,01/15/21 21:56,05/08/21 08:18,
ol79-orcl-db01_ORCLCDB_132841,         1,Automatic SGA Tuning                                                  ,TRUE ,             17,           17,01/15/21 21:56,05/08/21 08:18,         0
ol79-orcl-db01_ORCLCDB_132841,         1,Automatic SQL Execution Memory                                        ,TRUE ,             17,           17,01/15/21 21:56,05/08/21 08:18,         0
ol79-orcl-db01_ORCLCDB_132841,         1,Automatic SQL Tuning Advisor                                          ,TRUE ,             16,           17,01/22/21 23:11,05/08/21 08:18,         8
ol79-orcl-db01_ORCLCDB_132841,         1,Automatic Segment Space Management (system)                           ,TRUE ,             17,           17,01/15/21 21:56,05/08/21 08:18,         2
ol79-orcl-db01_ORCLCDB_132841,         1,Automatic Segment Space Management (user)                             ,FALSE,              0,           17,              ,              ,
ol79-orcl-db01_ORCLCDB_132841,         1,Automatic Storage Management                                          ,FALSE,              0,           17,              ,              ,
ol79-orcl-db01_ORCLCDB_132841,         1,Automatic Undo Management                                             ,TRUE ,             17,           17,01/15/21 21:56,05/08/21 08:18,         1
ol79-orcl-db01_ORCLCDB_132841,         1,Automatic Workload Repository                                         ,FALSE,              3,           17,01/15/21 21:56,04/03/21 05:23,
ol79-orcl-db01_ORCLCDB_132841,         1,BA Owner                                                              ,FALSE,              0,           17,              ,              ,
ol79-orcl-db01_ORCLCDB_132841,         1,Backup BASIC Compression                                              ,FALSE,              0,           17,              ,              ,
ol79-orcl-db01_ORCLCDB_132841,         1,Backup BZIP2 Compression                                              ,FALSE,              0,           17,              ,              ,
ol79-orcl-db01_ORCLCDB_132841,         1,Backup Encryption                                                     ,FALSE,              0,           17,              ,              ,
ol79-orcl-db01_ORCLCDB_132841,         1,Backup HIGH Compression                                               ,FALSE,              0,           17,              ,              ,
ol79-orcl-db01_ORCLCDB_132841,         1,Backup LOW Compression                                                ,FALSE,              0,           17,              ,              ,
ol79-orcl-db01_ORCLCDB_132841,         1,Backup MEDIUM Compression                                             ,FALSE,              0,           17,              ,              ,
ol79-orcl-db01_ORCLCDB_132841,         1,Backup Rollforward                                                    ,FALSE,              0,           17,              ,              ,
ol79-orcl-db01_ORCLCDB_132841,         1,Backup ZLIB Compression                                               ,FALSE,              0,           17,              ,              ,
ol79-orcl-db01_ORCLCDB_132841,         1,Backup and Restore of plugged database                                ,FALSE,              0,           17,              ,              ,
ol79-orcl-db01_ORCLCDB_132841,         1,Baseline Adaptive Thresholds                                          ,FALSE,              0,           17,              ,              ,
ol79-orcl-db01_ORCLCDB_132841,         1,Baseline Static Computations                                          ,FALSE,              0,           17,              ,              ,
ol79-orcl-db01_ORCLCDB_132841,         1,Bigfile Tablespace                                                    ,TRUE ,             17,           17,01/15/21 21:56,05/08/21 08:18,
ol79-orcl-db01_ORCLCDB_132841,         1,Block Media Recovery                                                  ,FALSE,              0,           17,              ,              ,
ol79-orcl-db01_ORCLCDB_132841,         1,CONVERT command                                                       ,FALSE,              0,           17,              ,              ,
ol79-orcl-db01_ORCLCDB_132841,         1,CSSCAN                                                                ,FALSE,              0,           17,              ,              ,
ol79-orcl-db01_ORCLCDB_132841,         1,Change-Aware Incremental Backup                                       ,FALSE,              0,           17,              ,              ,
ol79-orcl-db01_ORCLCDB_132841,         1,Character Semantics                                                   ,FALSE,              0,           17,              ,              ,
ol79-orcl-db01_ORCLCDB_132841,         1,Character Set                                                         ,TRUE ,             17,           17,01/15/21 21:56,05/08/21 08:18,
ol79-orcl-db01_ORCLCDB_132841,         1,Client Identifier                                                     ,FALSE,              0,           17,              ,              ,
ol79-orcl-db01_ORCLCDB_132841,         1,Client Result Cache                                                   ,FALSE,              0,           17,              ,              ,
ol79-orcl-db01_ORCLCDB_132841,         1,Cloud DB with EHCC                                                    ,FALSE,              0,           17,              ,              ,
ol79-orcl-db01_ORCLCDB_132841,         1,Clusterwide Global Transactions                                       ,FALSE,              0,           17,              ,              ,
ol79-orcl-db01_ORCLCDB_132841,         1,Compression Advisor                                                   ,FALSE,              0,           17,              ,              ,
ol79-orcl-db01_ORCLCDB_132841,         1,Concurrent Statistics Gathering                                       ,FALSE,              0,           17,              ,              ,
ol79-orcl-db01_ORCLCDB_132841,         1,Container Usage                                                       ,FALSE,              0,           17,              ,              ,
ol79-orcl-db01_ORCLCDB_132841,         1,Cross-Platform Backups                                                ,FALSE,              0,           17,              ,              ,
ol79-orcl-db01_ORCLCDB_132841,         1,Crossedition Triggers                                                 ,FALSE,              0,           17,              ,              ,
ol79-orcl-db01_ORCLCDB_132841,         1,DBFS Content                                                          ,FALSE,              0,           17,              ,              ,
ol79-orcl-db01_ORCLCDB_132841,         1,DBFS HS                                                               ,FALSE,              0,           17,              ,              ,
ol79-orcl-db01_ORCLCDB_132841,         1,DBFS SFS                                                              ,FALSE,              0,           17,              ,              ,
ol79-orcl-db01_ORCLCDB_132841,         1,DBMS_STATS Incremental Maintenance                                    ,FALSE,              0,           17,              ,              ,
ol79-orcl-db01_ORCLCDB_132841,         1,Data Guard                                                            ,FALSE,              0,           17,              ,              ,
ol79-orcl-db01_ORCLCDB_132841,         1,Data Mining                                                           ,FALSE,              0,           17,              ,              ,
ol79-orcl-db01_ORCLCDB_132841,         1,Data Recovery Advisor                                                 ,FALSE,              0,           17,              ,              ,
ol79-orcl-db01_ORCLCDB_132841,         1,Data Redaction                                                        ,FALSE,              0,           17,              ,              ,
ol79-orcl-db01_ORCLCDB_132841,         1,Database Migration Assistant for Unicode                              ,FALSE,              0,           17,              ,              ,
ol79-orcl-db01_ORCLCDB_132841,         1,Database Replay: Workload Capture                                     ,FALSE,              0,           17,              ,              ,
ol79-orcl-db01_ORCLCDB_132841,         1,Database Replay: Workload Replay                                      ,FALSE,              0,           17,              ,              ,
ol79-orcl-db01_ORCLCDB_132841,         1,Database Resident Connection Pooling (DRCP)                           ,FALSE,              0,           17,              ,              ,
ol79-orcl-db01_ORCLCDB_132841,         1,Deferred Open Read Only                                               ,FALSE,              0,           17,              ,              ,
ol79-orcl-db01_ORCLCDB_132841,         1,Deferred Segment Creation                                             ,TRUE ,             17,           17,01/15/21 21:56,05/08/21 08:18,       752
ol79-orcl-db01_ORCLCDB_132841,         1,Direct NFS                                                            ,FALSE,              0,           17,              ,              ,
ol79-orcl-db01_ORCLCDB_132841,         1,Duplicate Db from Active Db using BackupSet                           ,FALSE,              0,           17,              ,              ,
ol79-orcl-db01_ORCLCDB_132841,         1,Dynamic SGA                                                           ,FALSE,              0,           17,              ,              ,
ol79-orcl-db01_ORCLCDB_132841,         1,EM Cloud Control                                                      ,FALSE,              0,           17,              ,              ,
ol79-orcl-db01_ORCLCDB_132841,         1,EM Express                                                            ,FALSE,              0,           17,              ,              ,
ol79-orcl-db01_ORCLCDB_132841,         1,EM Performance Page                                                   ,FALSE,              0,           17,              ,              ,
ol79-orcl-db01_ORCLCDB_132841,         1,Editioning Views                                                      ,FALSE,              0,           17,              ,              ,
ol79-orcl-db01_ORCLCDB_132841,         1,Editions                                                              ,FALSE,              0,           17,              ,              ,
ol79-orcl-db01_ORCLCDB_132841,         1,Encrypted Tablespaces                                                 ,FALSE,              0,           17,              ,              ,
ol79-orcl-db01_ORCLCDB_132841,         1,Exadata                                                               ,FALSE,              0,           17,              ,              ,
ol79-orcl-db01_ORCLCDB_132841,         1,Extensibility                                                         ,FALSE,              0,           17,              ,              ,
ol79-orcl-db01_ORCLCDB_132841,         1,File Mapping                                                          ,FALSE,              0,           17,              ,              ,
ol79-orcl-db01_ORCLCDB_132841,         1,Fine Grained Audit                                                    ,FALSE,              0,           17,              ,              ,
ol79-orcl-db01_ORCLCDB_132841,         1,Flashback Data Archive                                                ,FALSE,              0,           17,              ,              ,
ol79-orcl-db01_ORCLCDB_132841,         1,Flashback Database                                                    ,FALSE,              0,           17,              ,              ,
ol79-orcl-db01_ORCLCDB_132841,         1,Flex ASM                                                              ,FALSE,              0,           17,              ,              ,
ol79-orcl-db01_ORCLCDB_132841,         1,GDS Catalog                                                           ,FALSE,              0,           17,              ,              ,
ol79-orcl-db01_ORCLCDB_132841,         1,Gateways                                                              ,FALSE,              0,           17,              ,              ,
ol79-orcl-db01_ORCLCDB_132841,         1,Global Data Services                                                  ,FALSE,              0,           17,              ,              ,
ol79-orcl-db01_ORCLCDB_132841,         1,GoldenGate                                                            ,FALSE,              0,           17,              ,              ,
ol79-orcl-db01_ORCLCDB_132841,         1,HeapCompression                                                       ,FALSE,              0,           17,              ,              ,
ol79-orcl-db01_ORCLCDB_132841,         1,Heat Map                                                              ,FALSE,              0,           17,              ,              ,
ol79-orcl-db01_ORCLCDB_132841,         1,Hybrid Columnar Compression                                           ,FALSE,              0,           17,              ,              ,
ol79-orcl-db01_ORCLCDB_132841,         1,Hybrid Columnar Compression Conventional Load                         ,FALSE,              0,           17,              ,              ,
ol79-orcl-db01_ORCLCDB_132841,         1,Hybrid Columnar Compression Row Level Locking                         ,FALSE,              0,           17,              ,              ,
ol79-orcl-db01_ORCLCDB_132841,         1,INSTANT RESTORE command                                               ,FALSE,              0,           17,              ,              ,
ol79-orcl-db01_ORCLCDB_132841,         1,In-Memory ADO Policies                                                ,FALSE,              0,           17,              ,              ,
ol79-orcl-db01_ORCLCDB_132841,         1,In-Memory Aggregation                                                 ,FALSE,              0,           17,              ,              ,
ol79-orcl-db01_ORCLCDB_132841,         1,In-Memory Column Store                                                ,FALSE,              0,           17,              ,              ,
ol79-orcl-db01_ORCLCDB_132841,         1,In-Memory Distribute For Service (User Defined)                       ,FALSE,              0,           17,              ,              ,
ol79-orcl-db01_ORCLCDB_132841,         1,In-Memory Expressions                                                 ,FALSE,              0,           17,              ,              ,
ol79-orcl-db01_ORCLCDB_132841,         1,In-Memory FastStart                                                   ,FALSE,              0,           17,              ,              ,
ol79-orcl-db01_ORCLCDB_132841,         1,In-Memory Join Groups                                                 ,FALSE,              0,           17,              ,              ,
ol79-orcl-db01_ORCLCDB_132841,         1,Index Organized Tables                                                ,FALSE,              0,           17,              ,              ,
ol79-orcl-db01_ORCLCDB_132841,         1,Information Lifecycle Management                                      ,FALSE,              0,           17,              ,              ,
ol79-orcl-db01_ORCLCDB_132841,         1,Instance Caging                                                       ,FALSE,              0,           17,              ,              ,
ol79-orcl-db01_ORCLCDB_132841,         1,Internode Parallel Execution                                          ,FALSE,              0,           17,              ,              ,
ol79-orcl-db01_ORCLCDB_132841,         1,JDBC OCI                                                              ,FALSE,              0,           17,              ,              ,
ol79-orcl-db01_ORCLCDB_132841,         1,JDBC Thin                                                             ,FALSE,              0,           17,              ,              ,
ol79-orcl-db01_ORCLCDB_132841,         1,JSON                                                                  ,FALSE,              0,           17,              ,              ,
ol79-orcl-db01_ORCLCDB_132841,         1,Job Scheduler                                                         ,FALSE,              0,           17,              ,              ,
ol79-orcl-db01_ORCLCDB_132841,         1,LOB                                                                   ,FALSE,              0,           17,              ,              ,
ol79-orcl-db01_ORCLCDB_132841,         1,Label Security                                                        ,FALSE,              0,           17,              ,              ,
ol79-orcl-db01_ORCLCDB_132841,         1,Locally Managed Tablespaces (system)                                  ,TRUE ,             17,           17,01/15/21 21:56,05/08/21 08:18,         4
ol79-orcl-db01_ORCLCDB_132841,         1,Locally Managed Tablespaces (user)                                    ,TRUE ,             17,           17,01/15/21 21:56,05/08/21 08:18,
ol79-orcl-db01_ORCLCDB_132841,         1,Locator                                                               ,FALSE,              0,           17,              ,              ,
ol79-orcl-db01_ORCLCDB_132841,         1,Logfile Multiplexing                                                  ,FALSE,              0,           17,              ,              ,
ol79-orcl-db01_ORCLCDB_132841,         1,Long-term Archival Backup                                             ,FALSE,              0,           17,              ,              ,
ol79-orcl-db01_ORCLCDB_132841,         1,MTTR Advisor                                                          ,FALSE,              0,           17,              ,              ,
ol79-orcl-db01_ORCLCDB_132841,         1,Materialized Views (User)                                             ,FALSE,              0,           17,              ,              ,
ol79-orcl-db01_ORCLCDB_132841,         1,Messaging Gateway                                                     ,FALSE,              0,           17,              ,              ,
ol79-orcl-db01_ORCLCDB_132841,         1,Multi Section Backup                                                  ,FALSE,              0,           17,              ,              ,
ol79-orcl-db01_ORCLCDB_132841,         1,Multiple Block Sizes                                                  ,FALSE,              0,           17,              ,              ,
ol79-orcl-db01_ORCLCDB_132841,         1,OCCI                                                                  ,FALSE,              0,           17,              ,              ,
ol79-orcl-db01_ORCLCDB_132841,         1,ODA Infrastructure                                                    ,FALSE,              0,           17,              ,              ,
ol79-orcl-db01_ORCLCDB_132841,         1,ODBC                                                                  ,FALSE,              0,           17,              ,              ,
ol79-orcl-db01_ORCLCDB_132841,         1,ODP.Net/ Managed Driver                                               ,FALSE,              0,           17,              ,              ,
ol79-orcl-db01_ORCLCDB_132841,         1,ODP.Net/ Unmanaged Driver                                             ,FALSE,              0,           17,              ,              ,
ol79-orcl-db01_ORCLCDB_132841,         1,OLAP - Analytic Workspaces                                            ,FALSE,              0,           17,              ,              ,
ol79-orcl-db01_ORCLCDB_132841,         1,OLAP - Cubes                                                          ,FALSE,              0,           17,              ,              ,
ol79-orcl-db01_ORCLCDB_132841,         1,Object                                                                ,FALSE,              0,           17,              ,              ,
ol79-orcl-db01_ORCLCDB_132841,         1,Online Move Datafile                                                  ,FALSE,              0,           17,              ,              ,
ol79-orcl-db01_ORCLCDB_132841,         1,Online Redefinition                                                   ,FALSE,              0,           17,              ,              ,
ol79-orcl-db01_ORCLCDB_132841,         1,Oracle Advanced Network Compression Service                           ,FALSE,              0,           17,              ,              ,
ol79-orcl-db01_ORCLCDB_132841,         1,Oracle Call Interface (OCI)                                           ,FALSE,              1,           17,01/15/21 21:56,01/15/21 21:56,
ol79-orcl-db01_ORCLCDB_132841,         1,Oracle Database Vault                                                 ,FALSE,              0,           17,              ,              ,
ol79-orcl-db01_ORCLCDB_132841,         1,Oracle In-Database Hadoop                                             ,FALSE,              0,           17,              ,              ,
ol79-orcl-db01_ORCLCDB_132841,         1,Oracle Java Virtual Machine (system)                                  ,TRUE ,             17,           17,01/15/21 21:56,05/08/21 08:18,     39059
ol79-orcl-db01_ORCLCDB_132841,         1,Oracle Java Virtual Machine (user)                                    ,FALSE,              0,           17,              ,              ,
ol79-orcl-db01_ORCLCDB_132841,         1,Oracle Managed Files                                                  ,FALSE,              0,           17,              ,              ,
ol79-orcl-db01_ORCLCDB_132841,         1,Oracle Multimedia                                                     ,FALSE,              0,           17,              ,              ,
ol79-orcl-db01_ORCLCDB_132841,         1,Oracle Multimedia DICOM                                               ,FALSE,              0,           17,              ,              ,
ol79-orcl-db01_ORCLCDB_132841,         1,Oracle Multitenant                                                    ,TRUE ,             17,           17,01/15/21 21:56,05/08/21 08:18,         2
ol79-orcl-db01_ORCLCDB_132841,         1,Oracle Secure Backup                                                  ,FALSE,              0,           17,              ,              ,
ol79-orcl-db01_ORCLCDB_132841,         1,Oracle Text                                                           ,FALSE,              0,           17,              ,              ,
ol79-orcl-db01_ORCLCDB_132841,         1,Oracle Utility Datapump (Export)                                      ,FALSE,              1,           17,03/13/21 01:31,03/13/21 01:31,         4
ol79-orcl-db01_ORCLCDB_132841,         1,Oracle Utility Datapump (Import)                                      ,FALSE,              0,           17,              ,              ,
ol79-orcl-db01_ORCLCDB_132841,         1,Oracle Utility External Table (ORACLE_BIGSQL)                         ,FALSE,              0,           17,              ,              ,
ol79-orcl-db01_ORCLCDB_132841,         1,Oracle Utility External Table (ORACLE_DATAPUMP)                       ,FALSE,              0,           17,              ,              ,
ol79-orcl-db01_ORCLCDB_132841,         1,Oracle Utility External Table (ORACLE_LOADER)                         ,FALSE,              7,           17,01/15/21 21:56,05/01/21 02:17,        84
ol79-orcl-db01_ORCLCDB_132841,         1,Oracle Utility Metadata API                                           ,FALSE,              1,           17,03/13/21 01:31,03/13/21 01:31,        60
ol79-orcl-db01_ORCLCDB_132841,         1,Oracle Utility SQL Loader (Direct Path Load)                          ,FALSE,              0,           17,              ,              ,
ol79-orcl-db01_ORCLCDB_132841,         1,PDB I/O Rate Limits                                                   ,FALSE,              0,           17,              ,              ,
ol79-orcl-db01_ORCLCDB_132841,         1,PERL DBD::Oracle                                                      ,FALSE,              0,           17,              ,              ,
ol79-orcl-db01_ORCLCDB_132841,         1,PHP OCI8                                                              ,FALSE,              0,           17,              ,              ,
ol79-orcl-db01_ORCLCDB_132841,         1,PL/SQL Native Compilation                                             ,FALSE,              0,           17,              ,              ,
ol79-orcl-db01_ORCLCDB_132841,         1,Parallel SQL DDL Execution                                            ,FALSE,              1,           17,01/15/21 21:56,01/15/21 21:56,
ol79-orcl-db01_ORCLCDB_132841,         1,Parallel SQL DML Execution                                            ,FALSE,             14,           17,01/22/21 23:11,04/24/21 03:11,
ol79-orcl-db01_ORCLCDB_132841,         1,Parallel SQL Query Execution                                          ,FALSE,             15,           17,01/15/21 21:56,04/24/21 03:11,
ol79-orcl-db01_ORCLCDB_132841,         1,Partitioning (system)                                                 ,TRUE ,             17,           17,01/15/21 21:56,05/08/21 08:18,     20.81
ol79-orcl-db01_ORCLCDB_132841,         1,Partitioning (user)                                                   ,FALSE,              0,           17,              ,              ,
ol79-orcl-db01_ORCLCDB_132841,         1,Pillar Storage                                                        ,FALSE,              0,           17,              ,              ,
ol79-orcl-db01_ORCLCDB_132841,         1,Pillar Storage with EHCC                                              ,FALSE,              0,           17,              ,              ,
ol79-orcl-db01_ORCLCDB_132841,         1,Privilege Capture                                                     ,FALSE,              0,           17,              ,              ,
ol79-orcl-db01_ORCLCDB_132841,         1,Pro*C                                                                 ,FALSE,              0,           17,              ,              ,
ol79-orcl-db01_ORCLCDB_132841,         1,Pro*Cobol                                                             ,FALSE,              0,           17,              ,              ,
ol79-orcl-db01_ORCLCDB_132841,         1,Pro*Fortran                                                           ,FALSE,              0,           17,              ,              ,
ol79-orcl-db01_ORCLCDB_132841,         1,Quality of Service Management                                         ,FALSE,              0,           17,              ,              ,
ol79-orcl-db01_ORCLCDB_132841,         1,RMAN - Disk Backup                                                    ,FALSE,              1,           17,03/13/21 01:31,03/13/21 01:31,         1
ol79-orcl-db01_ORCLCDB_132841,         1,RMAN - Tape Backup                                                    ,FALSE,              0,           17,              ,              ,
ol79-orcl-db01_ORCLCDB_132841,         1,ROracle                                                               ,FALSE,              0,           17,              ,              ,
ol79-orcl-db01_ORCLCDB_132841,         1,Read Only Tablespace                                                  ,FALSE,              0,           17,              ,              ,
ol79-orcl-db01_ORCLCDB_132841,         1,Real Application Cluster One Node                                     ,FALSE,              0,           17,              ,              ,
ol79-orcl-db01_ORCLCDB_132841,         1,Real Application Clusters (RAC)                                       ,FALSE,              0,           17,              ,              ,
ol79-orcl-db01_ORCLCDB_132841,         1,Real Application Security                                             ,FALSE,              0,           17,              ,              ,
ol79-orcl-db01_ORCLCDB_132841,         1,Real-Time SQL Monitoring                                              ,TRUE ,             17,           17,01/15/21 21:56,05/08/21 08:18,     22994
ol79-orcl-db01_ORCLCDB_132841,         1,Recover Table                                                         ,FALSE,              0,           17,              ,              ,
ol79-orcl-db01_ORCLCDB_132841,         1,Recover Until Snapshot                                                ,FALSE,              0,           17,              ,              ,
ol79-orcl-db01_ORCLCDB_132841,         1,Recovery Area                                                         ,FALSE,              0,           17,              ,              ,
ol79-orcl-db01_ORCLCDB_132841,         1,Recovery Manager (RMAN)                                               ,FALSE,              1,           17,03/13/21 01:31,03/13/21 01:31,         1
ol79-orcl-db01_ORCLCDB_132841,         1,Resource Manager                                                      ,FALSE,             14,           17,01/22/21 23:11,04/24/21 03:11,         0
ol79-orcl-db01_ORCLCDB_132841,         1,Restore Point                                                         ,FALSE,              0,           17,              ,              ,
ol79-orcl-db01_ORCLCDB_132841,         1,Result Cache                                                          ,FALSE,              0,           17,              ,              ,
ol79-orcl-db01_ORCLCDB_132841,         1,Ruby-oci8                                                             ,FALSE,              0,           17,              ,              ,
ol79-orcl-db01_ORCLCDB_132841,         1,Rules Manager                                                         ,FALSE,              0,           17,              ,              ,
ol79-orcl-db01_ORCLCDB_132841,         1,SPM Evolve Advisor                                                    ,FALSE,              0,           17,              ,              ,
ol79-orcl-db01_ORCLCDB_132841,         1,SQL Access Advisor                                                    ,FALSE,              0,           17,              ,              ,
ol79-orcl-db01_ORCLCDB_132841,         1,SQL Monitoring and Tuning pages                                       ,FALSE,              0,           17,              ,              ,
ol79-orcl-db01_ORCLCDB_132841,         1,SQL Performance Analyzer                                              ,FALSE,              0,           17,              ,              ,
ol79-orcl-db01_ORCLCDB_132841,         1,SQL Plan Directive                                                    ,TRUE ,             17,           17,01/15/21 21:56,05/08/21 08:18,        75
ol79-orcl-db01_ORCLCDB_132841,         1,SQL Plan Management                                                   ,FALSE,              0,           17,              ,              ,
ol79-orcl-db01_ORCLCDB_132841,         1,SQL Profile                                                           ,FALSE,              0,           17,              ,              ,
ol79-orcl-db01_ORCLCDB_132841,         1,SQL Repair Advisor                                                    ,FALSE,              0,           17,              ,              ,
ol79-orcl-db01_ORCLCDB_132841,         1,SQL Tuning Advisor                                                    ,FALSE,              0,           17,              ,              ,
ol79-orcl-db01_ORCLCDB_132841,         1,SQL Tuning Set (system)                                               ,TRUE ,             17,           17,01/15/21 21:56,05/08/21 08:18,         0
ol79-orcl-db01_ORCLCDB_132841,         1,SQL Tuning Set (user)                                                 ,FALSE,              0,           17,              ,              ,
ol79-orcl-db01_ORCLCDB_132841,         1,SQL Workload Manager                                                  ,FALSE,              0,           17,              ,              ,
ol79-orcl-db01_ORCLCDB_132841,         1,SQL*Plus                                                              ,FALSE,              2,           17,01/15/21 21:56,02/06/21 01:38,
ol79-orcl-db01_ORCLCDB_132841,         1,Scrollable Cursors                                                    ,FALSE,              0,           17,              ,              ,
ol79-orcl-db01_ORCLCDB_132841,         1,SecureFile Compression (system)                                       ,FALSE,              0,           17,              ,              ,
ol79-orcl-db01_ORCLCDB_132841,         1,SecureFile Compression (user)                                         ,FALSE,              0,           17,              ,              ,
ol79-orcl-db01_ORCLCDB_132841,         1,SecureFile Deduplication (system)                                     ,FALSE,              0,           17,              ,              ,
ol79-orcl-db01_ORCLCDB_132841,         1,SecureFile Deduplication (user)                                       ,FALSE,              0,           17,              ,              ,
ol79-orcl-db01_ORCLCDB_132841,         1,SecureFile Encryption (system)                                        ,FALSE,              0,           17,              ,              ,
ol79-orcl-db01_ORCLCDB_132841,         1,SecureFile Encryption (user)                                          ,FALSE,              0,           17,              ,              ,
ol79-orcl-db01_ORCLCDB_132841,         1,SecureFiles (system)                                                  ,TRUE ,             17,           17,01/15/21 21:56,05/08/21 08:18,       428
ol79-orcl-db01_ORCLCDB_132841,         1,SecureFiles (user)                                                    ,TRUE ,             17,           17,01/15/21 21:56,05/08/21 08:18,        43
ol79-orcl-db01_ORCLCDB_132841,         1,Segment Advisor (user)                                                ,FALSE,              0,           17,              ,              ,
ol79-orcl-db01_ORCLCDB_132841,         1,Segment Maintenance Online Compress                                   ,FALSE,              0,           17,              ,              ,
ol79-orcl-db01_ORCLCDB_132841,         1,Segment Shrink                                                        ,FALSE,              0,           17,              ,              ,
ol79-orcl-db01_ORCLCDB_132841,         1,Semantics/RDF                                                         ,FALSE,              0,           17,              ,              ,
ol79-orcl-db01_ORCLCDB_132841,         1,Server Flash Cache                                                    ,FALSE,              0,           17,              ,              ,
ol79-orcl-db01_ORCLCDB_132841,         1,Server Parameter File                                                 ,TRUE ,             17,           17,01/15/21 21:56,05/08/21 08:18,
ol79-orcl-db01_ORCLCDB_132841,         1,Services                                                              ,FALSE,              0,           17,              ,              ,
ol79-orcl-db01_ORCLCDB_132841,         1,Shard Database                                                        ,FALSE,              0,           17,              ,              ,
ol79-orcl-db01_ORCLCDB_132841,         1,Sharding Catalog                                                      ,FALSE,              0,           17,              ,              ,
ol79-orcl-db01_ORCLCDB_132841,         1,Shared Server                                                         ,FALSE,              0,           17,              ,              ,
ol79-orcl-db01_ORCLCDB_132841,         1,Spatial                                                               ,FALSE,              0,           17,              ,              ,
ol79-orcl-db01_ORCLCDB_132841,         1,Statistics Advisor                                                    ,TRUE ,             17,           17,01/15/21 21:56,05/08/21 08:18,       113
ol79-orcl-db01_ORCLCDB_132841,         1,Streams (system)                                                      ,FALSE,              0,           17,              ,              ,
ol79-orcl-db01_ORCLCDB_132841,         1,Streams (user)                                                        ,FALSE,              0,           17,              ,              ,
ol79-orcl-db01_ORCLCDB_132841,         1,Sun ZFS with EHCC                                                     ,FALSE,              0,           17,              ,              ,
ol79-orcl-db01_ORCLCDB_132841,         1,TRANSPORT TABLESPACE command                                          ,FALSE,              0,           17,              ,              ,
ol79-orcl-db01_ORCLCDB_132841,         1,Thin Provisioning                                                     ,FALSE,              0,           17,              ,              ,
ol79-orcl-db01_ORCLCDB_132841,         1,Traditional Audit                                                     ,TRUE ,             17,           17,01/15/21 21:56,05/08/21 08:18,         0
ol79-orcl-db01_ORCLCDB_132841,         1,Transparent Data Encryption                                           ,FALSE,              0,           17,              ,              ,
ol79-orcl-db01_ORCLCDB_132841,         1,Transparent Gateway                                                   ,FALSE,              0,           17,              ,              ,
ol79-orcl-db01_ORCLCDB_132841,         1,Transparent Sensitive Data Protection                                 ,FALSE,              0,           17,              ,              ,
ol79-orcl-db01_ORCLCDB_132841,         1,Transportable Tablespace                                              ,FALSE,              0,           17,              ,              ,
ol79-orcl-db01_ORCLCDB_132841,         1,Tune MView                                                            ,FALSE,              0,           17,              ,              ,
ol79-orcl-db01_ORCLCDB_132841,         1,Undo Advisor                                                          ,FALSE,              0,           17,              ,              ,
ol79-orcl-db01_ORCLCDB_132841,         1,Unified Audit                                                         ,TRUE ,             17,           17,01/15/21 21:56,05/08/21 08:18,         0
ol79-orcl-db01_ORCLCDB_132841,         1,Very Large Memory                                                     ,FALSE,              0,           17,              ,              ,
ol79-orcl-db01_ORCLCDB_132841,         1,Virtual Private Database (VPD)                                        ,FALSE,              0,           17,              ,              ,
ol79-orcl-db01_ORCLCDB_132841,         1,Workspace Manager                                                     ,FALSE,              0,           17,              ,              ,
ol79-orcl-db01_ORCLCDB_132841,         1,XDB                                                                   ,FALSE,              0,           17,              ,              ,
ol79-orcl-db01_ORCLCDB_132841,         1,XStream In                                                            ,FALSE,              0,           17,              ,              ,
ol79-orcl-db01_ORCLCDB_132841,         1,XStream Out                                                           ,FALSE,              0,           17,              ,              ,
ol79-orcl-db01_ORCLCDB_132841,         1,XStream Streams                                                       ,FALSE,              0,           17,              ,              ,
ol79-orcl-db01_ORCLCDB_132841,         1,ZFS Storage                                                           ,FALSE,              0,           17,              ,              ,
ol79-orcl-db01_ORCLCDB_132841,         1,Zone maps                                                             ,FALSE,              0,           17,              ,              ,
ol79-orcl-db01_ORCLCDB_132841,         1,cx_Oracle                                                             ,FALSE,              0,           17,              ,              ,
ol79-orcl-db01_ORCLCDB_132841,         1,node-oraceldb                                                         ,FALSE,              0,           17,              ,              ,
