""
_PKEY,_CON_ID,_DBID,_INSTANCE_NUMBER,_HO,AAS_PERC90,BKGRCPU_PER_SEC_PERC90,CPU_PER_SEC_PERC90,EXEC_PER_SEC_PERC90,HOST_CPU_PER_SEC_PERC90,IOMBPS_PERC90,IOPS_PERC90,LOG_READS_PER_TXN_PERC90,LOGONS_PER_SEC_PERC90,PHY_READS_PER_SEC_PERC90,PHY_WRITES_PER_SEC_PERC90,REDO_GEN_PER_SEC_PERC90,SQL_RT_PERC90,USERCALLS_PER_SEC_PERC90,USER_TX_PER_SEC_PERC90,AAS_PERC95,BKGRCPU_PER_SEC_PERC95,CPU_PER_SEC_PERC95,EXEC_PER_SEC_PERC95,HOST_CPU_PER_SEC_PERC95,IOMBPS_PERC95,IOPS_PERC95,LOG_READS_PER_TXN_PERC95,LOGONS_PER_SEC_PERC95,PHY_READS_PER_SEC_PERC95,PHY_WRITES_PER_SEC_PERC95,REDO_GEN_PER_SEC_PERC95,SQL_RT_PERC95,USERCALLS_PER_SEC_PERC95,USER_TX_PER_SEC_PERC95
ol79-orcl-db01_ORCLCDB_132841,1,2832984852,1,0,0,1,0,3,4,0,5,2872,0,0,1,1080,0,0,0,0,1,0,16,4,0,10,6729,0,0,3,3290,0,0,0
ol79-orcl-db01_ORCLCDB_132841,1,2832984852,1,1,0,1,0,2,4,0,5,2260,0,0,0,628,0,0,0,0,1,0,13,4,0,6,6413,0,0,1,1448,0,0,0
ol79-orcl-db01_ORCLCDB_132841,1,2832984852,1,2,0,1,0,2,4,0,5,3917,0,0,0,615,0,0,0,0,1,0,13,4,0,5,6845,0,0,1,1101,0,0,0
ol79-orcl-db01_ORCLCDB_132841,1,2832984852,1,3,0,1,0,1,3,0,5,1246,0,0,0,638,0,0,0,0,1,0,11,4,0,5,6124,0,0,1,1464,0,0,0
ol79-orcl-db01_ORCLCDB_132841,1,2832984852,1,4,0,1,0,1,4,0,5,2010,0,0,0,601,0,0,0,0,1,0,11,4,0,6,6143,0,0,1,1110,0,0,0
ol79-orcl-db01_ORCLCDB_132841,1,2832984852,1,5,0,1,0,1,4,0,5,1129,0,0,0,613,0,0,0,0,1,0,11,4,0,5,5465,0,0,1,1197,0,0,0
ol79-orcl-db01_ORCLCDB_132841,1,2832984852,1,6,0,1,0,3,4,0,5,1919,0,0,0,623,0,0,0,0,1,0,13,4,0,6,5912,0,0,1,1343,0,0,0
ol79-orcl-db01_ORCLCDB_132841,1,2832984852,1,7,0,1,0,1,3,0,5,1146,0,0,0,612,0,0,0,0,1,0,11,4,0,5,6205,0,0,1,1208,0,0,0
ol79-orcl-db01_ORCLCDB_132841,1,2832984852,1,8,0,1,0,4,3,0,5,4052,0,0,0,620,0,0,0,0,1,0,13,4,0,6,7095,0,0,1,1375,0,0,0
ol79-orcl-db01_ORCLCDB_132841,1,2832984852,1,9,0,1,0,2,3,0,5,3077,0,0,0,668,0,0,0,0,1,0,12,4,0,7,6413,0,0,1,1481,0,0,0
ol79-orcl-db01_ORCLCDB_132841,1,2832984852,1,10,0,1,0,1,4,0,5,1477,0,0,0,595,0,0,0,0,1,0,13,4,0,5,6024,0,0,1,1399,0,0,0
ol79-orcl-db01_ORCLCDB_132841,1,2832984852,1,11,0,1,0,1,4,0,5,1175,0,0,0,635,0,0,0,0,1,0,12,4,0,5,5650,0,0,1,1128,0,0,0
ol79-orcl-db01_ORCLCDB_132841,1,2832984852,1,12,0,1,0,1,4,0,5,1149,0,0,0,612,0,0,0,0,1,0,10,4,0,5,5710,0,0,1,982,0,0,0
ol79-orcl-db01_ORCLCDB_132841,1,2832984852,1,13,0,1,0,1,4,0,5,1187,0,0,0,637,0,0,0,0,1,0,11,4,0,5,5430,0,0,1,1255,0,0,0
ol79-orcl-db01_ORCLCDB_132841,1,2832984852,1,14,0,1,0,9,4,0,5,3325,0,0,0,655,0,0,0,0,1,0,13,4,0,7,6469,0,0,1,1446,0,0,0
ol79-orcl-db01_ORCLCDB_132841,1,2832984852,1,15,0,1,0,1,4,0,5,1318,0,0,0,622,0,0,0,0,1,0,11,4,0,5,5324,0,0,1,1139,0,0,0
ol79-orcl-db01_ORCLCDB_132841,1,2832984852,1,16,0,1,0,1,4,0,5,1190,0,0,0,597,0,0,0,0,1,0,11,4,0,5,5489,0,0,1,878,0,0,0
ol79-orcl-db01_ORCLCDB_132841,1,2832984852,1,17,0,1,0,1,4,0,5,1133,0,0,0,618,0,0,0,0,1,0,10,4,0,5,5718,0,0,1,1070,0,0,0
ol79-orcl-db01_ORCLCDB_132841,1,2832984852,1,18,0,1,0,1,4,0,5,1574,0,0,0,621,0,0,0,0,1,0,12,4,0,7,5446,0,0,1,1573,0,0,0
ol79-orcl-db01_ORCLCDB_132841,1,2832984852,1,19,0,1,0,1,4,0,5,1246,0,0,0,607,0,0,0,0,1,0,11,4,0,5,4896,0,0,1,999,0,0,0
ol79-orcl-db01_ORCLCDB_132841,1,2832984852,1,20,0,1,0,9,4,0,5,3597,0,0,0,695,0,0,0,0,1,0,13,4,0,5,6613,0,0,1,1354,0,0,0
ol79-orcl-db01_ORCLCDB_132841,1,2832984852,1,21,0,1,0,1,4,0,5,1460,0,0,0,630,0,0,0,0,1,0,12,4,0,7,5386,0,0,1,1317,0,0,0
ol79-orcl-db01_ORCLCDB_132841,1,2832984852,1,22,0,1,0,10,4,0,5,3823,0,0,1,905,0,0,0,0,1,0,16,4,0,10,6551,0,0,3,3414,0,0,0
ol79-orcl-db01_ORCLCDB_132841,1,2832984852,1,23,0,1,0,1,4,0,5,1812,0,0,0,630,0,0,0,0,1,0,13,4,0,7,5800,0,0,1,1491,0,0,0
