
PKEY                         ,HH,COMMAND_TYPE,                 COUN,AVG_BUFFER_GETS,AVG_ELASPED_TIME,AVG_ROWS_PROCESSED,AVG_EXECUTIONS,AVG_CPU_TIME,AVG_IOWAIT,AVG_CLWAIT,AVG_APWAIT,AVG_CCWAIT,AVG_PLSEXEC_TIME
ol79-orcl-db01_ORCLCDB_132841,03,         189,                   18,     431.055556,      163959.778,        71.6111111,    73.6111111,  162840.944,26.5555556,         0,         0,         0,               0
ol79-orcl-db01_ORCLCDB_132841,03,          47,                   20,         1417.7,        162217.2,              2.35,          2.35,    161492.4,      3.95,         0,         0,         0,               0
ol79-orcl-db01_ORCLCDB_132841,04,           3,                  434,     1214.57834,      11581.1429,        188.546083,    76.4976959,  9981.07604,.610599078,         0,         0, .19124424,               0
ol79-orcl-db01_ORCLCDB_132841,05,         189,                   19,     3127.47368,      294272.895,        84.5263158,    69.7894737,  292244.158,39.7368421,         0,         0,171.315789,               0
ol79-orcl-db01_ORCLCDB_132841,07,           6,                   57,     165.210526,      4024.26316,        25.7368421,    17.1403509,  2715.45614,         0,         0,         0,1309.22807,               0
ol79-orcl-db01_ORCLCDB_132841,09,           2,                  112,     710.401786,      41465.7946,        309.232143,    11.2589286,  41263.4821,2.83928571,         0,         0,         0,               0
ol79-orcl-db01_ORCLCDB_132841,09,           7,                    5,          293.6,         10892.8,               5.6,             1,     10789.6,        13,         0,         0,         0,               0
ol79-orcl-db01_ORCLCDB_132841,10,           3,                  447,     1650.01342,      19617.3423,        477.277405,    229.621924,  18048.5101,.040268456,         0,         0,26.1722595,               0
ol79-orcl-db01_ORCLCDB_132841,12,         189,                   18,     426.111111,      165267.778,        70.5555556,    72.5555556,  163964.056,13.4444444,         0,         0,         0,               0
ol79-orcl-db01_ORCLCDB_132841,14,           3,                  387,      2598.5323,      29937.9302,        550.565891,    213.276486,  28436.9664,         0,         0,         0,4.77260982,               0
ol79-orcl-db01_ORCLCDB_132841,15,           2,                  112,     797.732143,      38922.0357,        421.455357,    10.1964286,  38711.9196,.883928571,         0,         0,         0,               0
ol79-orcl-db01_ORCLCDB_132841,13,          47,                   16,      1323.9375,      176205.125,               2.5,           2.5,  175201.438,         0,         0,         0,         0,               0
ol79-orcl-db01_ORCLCDB_132841,16,           3,                  352,     1058.67045,      11512.4063,        188.042614,    82.1477273,  9872.75852,         0,         0,         0,         0,               0
ol79-orcl-db01_ORCLCDB_132841,16,         189,                   16,       417.1875,      167042.875,           69.3125,       71.3125,  165824.375,     4.125,         0,         0,         0,               0
ol79-orcl-db01_ORCLCDB_132841,15,         189,                   16,       433.8125,       165337.75,           70.6875,       72.6875,   164033.25,   28.3125,         0,         0,         0,               0
ol79-orcl-db01_ORCLCDB_132841,17,           3,                  361,     1029.63989,      11210.5596,        181.620499,    80.0720222,  9489.27978,         0,         0,         0,         0,               0
ol79-orcl-db01_ORCLCDB_132841,18,           6,                   51,     470.784314,      9972.23529,        86.3921569,    79.4705882,        6145,5.98039216,         0,         0,3596.43137,               0
ol79-orcl-db01_ORCLCDB_132841,19,         189,                   16,       433.5625,      166461.375,           70.1875,       72.1875,  165038.625,   18.5625,         0,         0,         0,               0
ol79-orcl-db01_ORCLCDB_132841,20,           2,                   94,     684.457447,       44472.234,        341.989362,    11.8404255,  44262.0957,.468085106,         0,         0,         0,               0
ol79-orcl-db01_ORCLCDB_132841,20,         189,                   16,       469.8125,      161932.938,             77.75,       79.6875,  160887.625,   14.1875,         0,         0,         0,               0
ol79-orcl-db01_ORCLCDB_132841,21,         189,                   11,     519.636364,      153600.545,        85.9090909,    87.7272727,  152536.909,68.3636364,         0,         0,         0,               0
ol79-orcl-db01_ORCLCDB_132841,15,           7,                    3,     51.6666667,             467,        4.33333333,    4.33333333,  219.333333,         0,         0,         0,         0,               0
ol79-orcl-db01_ORCLCDB_132841,05,         170,                    3,     715629.333,      16570368.3,                 0,    .666666667,  16414645.7,67469.6667,         0,1137.66667,1558.33333,               0
ol79-orcl-db01_ORCLCDB_132841,01,           7,                   19,     80.2105263,            1835,        .052631579,    13.3157895,  1794.63158,         0,         0,         0,         0,               0
ol79-orcl-db01_ORCLCDB_132841,01,          47,                   27,     1183.25926,      138040.111,                 2,             2,  136297.667,43.8148148,         0,         0,424.296296,               0
ol79-orcl-db01_ORCLCDB_132841,00,           6,                   56,     788.267857,      15239.0357,        197.107143,       219.625,  11545.3036,14.7857143,         0,         0,3726.96429,               0
ol79-orcl-db01_ORCLCDB_132841,01,           6,                   38,     315.552632,      7572.36842,        81.7368421,    78.0526316,  5352.23684,1.97368421,         0,         0,2132.97368,               0
ol79-orcl-db01_ORCLCDB_132841,03,           2,                  129,     723.906977,      37028.8992,        392.682171,    9.99224806,  36678.1163,.589147287,         0,         0,.697674419,               0
ol79-orcl-db01_ORCLCDB_132841,04,          47,                   20,        1378.05,       161528.25,              2.35,          2.35,    160643.6,     54.35,         0,         0,       106,               0
ol79-orcl-db01_ORCLCDB_132841,04,         189,                   18,     418.944444,        164809.5,        69.3888889,    71.3888889,  163478.056,40.2777778,         0,         0,         0,               0
ol79-orcl-db01_ORCLCDB_132841,05,           3,                  465,      4829.2129,      72103.6301,        969.023656,    832.554839,  70668.4065,      68.2,         0,         0,1.12258065,               0
ol79-orcl-db01_ORCLCDB_132841,08,           2,                  104,     766.846154,      43160.9135,        317.586538,    12.0192308,  42773.2019,3.99038462,         0,         0,.115384615,               0
ol79-orcl-db01_ORCLCDB_132841,12,          47,                   19,     1289.42105,      168660.947,        2.47368421,    2.47368421,  167890.158,6.73684211,         0,         0,         0,               0
ol79-orcl-db01_ORCLCDB_132841,14,           6,                   44,     475.295455,      8170.54545,        94.2272727,    90.9545455,  6151.45455,5.27272727,         0,         0,2250.11364,               0
ol79-orcl-db01_ORCLCDB_132841,13,           3,                  366,      1014.8224,       10921.571,        179.918033,    78.7021858,  9371.32787,         0,         0,         0,         0,               0
ol79-orcl-db01_ORCLCDB_132841,13,         189,                   16,       425.3125,      165491.563,           70.0625,       72.0625,   164167.75,   36.0625,         0,         0,         0,               0
ol79-orcl-db01_ORCLCDB_132841,18,          47,                   13,     1053.07692,      212114.077,        2.84615385,    2.84615385,  211378.462,2.76923077,         0,         0,         0,               0
ol79-orcl-db01_ORCLCDB_132841,18,         189,                   20,           4741,        170697.2,             68.05,          62.1,    170009.9,      22.8,         0,         0,         0,               0
ol79-orcl-db01_ORCLCDB_132841,19,           6,                   55,     162.254545,      6525.83636,        22.1090909,    13.0363636,  2976.21818,         0,         0,         0,3500.72727,               0
ol79-orcl-db01_ORCLCDB_132841,19,           3,                  356,     1051.30899,      11353.1573,        187.921348,    81.8089888,  9601.54775,         0,         0,         0,         0,               0
ol79-orcl-db01_ORCLCDB_132841,10,         170,                    3,     413895.333,      8001922.67,                 0,             1,     7940145,     10908,         0,      1016,      1123,               0
ol79-orcl-db01_ORCLCDB_132841,06,         170,                    1,        1369702,        20625995,                 0,             1,    20457516,     61816,         0,      1601,       142,               0
ol79-orcl-db01_ORCLCDB_132841,01,           3,                  521,     862.533589,      13962.0806,        146.671785,    71.4932821,  12590.4088,.796545106,         0,         0,26.4932821,               0
ol79-orcl-db01_ORCLCDB_132841,00,           2,                  118,     813.110169,      38364.4576,        272.338983,    27.5338983,  38241.7119,34.3474576,         0,         0,.457627119,               0
ol79-orcl-db01_ORCLCDB_132841,05,          47,                   17,     10568.6471,      224636.588,        2.41176471,    2.41176471,  222666.235,951.235294,         0,         0,68.4117647,               0
ol79-orcl-db01_ORCLCDB_132841,06,           2,                  121,     3920.16529,      56217.9504,        1039.94215,    76.8512397,  55441.9752,2.71900826,         0,         0,1.42975207,               0
ol79-orcl-db01_ORCLCDB_132841,08,           3,                  497,     1340.22133,      24617.4306,        227.780684,    181.778672,  23237.6076,10.3863179,         0,         0,.261569416,               0
ol79-orcl-db01_ORCLCDB_132841,08,         189,                   18,     487.611111,      165822.667,        75.5555556,    77.5555556,  165022.056,33.9444444,         0,         0,         0,               0
ol79-orcl-db01_ORCLCDB_132841,08,         170,                    9,            395,          202990,                 0,             1,  201371.444,         0,         0,         0,109.444444,               0
ol79-orcl-db01_ORCLCDB_132841,15,           6,                   52,     160.115385,      10123.0962,        23.9807692,    15.8269231,  3340.11538,1.38461538,         0,         0,6865.78846,               0
ol79-orcl-db01_ORCLCDB_132841,13,           2,                  116,     819.422414,      37377.0776,        413.706897,    9.88793103,  36874.1121,1.03448276,         0,         0,.844827586,               0
ol79-orcl-db01_ORCLCDB_132841,14,          47,                   24,     1847.08333,      116564.833,                 2,             2,  115820.875,     5.625,         0,         0,         0,               0
ol79-orcl-db01_ORCLCDB_132841,18,           3,                  404,     2821.26733,      54545.0396,        505.257426,    186.212871,  52847.2426,76.0148515,         0,         0,.195544554,               0
ol79-orcl-db01_ORCLCDB_132841,21,           7,                   27,     33847.7778,      336029.815,         7782.7037,    756.666667,  332060.778,         0,         0,         0,         0,               0
ol79-orcl-db01_ORCLCDB_132841,13,           7,                    3,     64.6666667,      485.333333,        5.33333333,    5.33333333,  310.333333,         0,         0,         0,         0,               0
ol79-orcl-db01_ORCLCDB_132841,18,         170,                    4,         378586,         5044776,                 0,             1,   4997123.5,   11461.5,         0,   1777.75,  10093.75,               0
ol79-orcl-db01_ORCLCDB_132841,03,           7,                    1,              7,             165,                 1,             1,         165,         0,         0,         0,         0,               0
ol79-orcl-db01_ORCLCDB_132841,00,           7,                   86,     4832.98837,      24766.7791,        1174.05814,     72.255814,   24254.314,.441860465,         0,         0,         0,               0
ol79-orcl-db01_ORCLCDB_132841,02,         189,                   18,     495.222222,      167770.444,        77.8333333,    79.8333333,    166729.5,28.6111111,         0,         0,         0,               0
ol79-orcl-db01_ORCLCDB_132841,02,           7,                   39,     2077.15385,      34950.5897,        .025641026,    1.51282051,  34642.1538,         0,         0,         0,3.41025641,               0
ol79-orcl-db01_ORCLCDB_132841,03,           3,                  450,     958.775556,      10201.8311,        161.524444,    73.6222222,     8676.78,         0,         0,         0,2.39111111,               0
ol79-orcl-db01_ORCLCDB_132841,08,           6,                   51,     192.294118,      5196.64706,        44.4509804,    40.2941176,  3763.05882,5.41176471,         0,         0,1483.23529,               0
ol79-orcl-db01_ORCLCDB_132841,09,           3,                  547,     836.239488,      11988.2066,        132.819013,    69.1023766,  10633.3291,         0,         0,         0,         0,               0
ol79-orcl-db01_ORCLCDB_132841,10,           6,                   57,     677.087719,      17194.2456,        142.912281,    136.175439,  8436.26316,4.54385965,         0,         0,8901.59649,               0
ol79-orcl-db01_ORCLCDB_132841,11,           6,                   59,     187.338983,            8248,        25.8813559,    16.2033898,  3530.84746,2.13559322,         0,         0,4438.55932,               0
ol79-orcl-db01_ORCLCDB_132841,14,           2,                  101,     3877.17822,      63907.5149,        1015.46535,    75.3564356,  63288.2673,5.58415842,         0,         0, .98019802,               0
ol79-orcl-db01_ORCLCDB_132841,15,           3,                  368,     1005.64674,      11681.4429,        180.081522,     80.048913,  10145.4484,.067934783,         0,         0,         0,               0
ol79-orcl-db01_ORCLCDB_132841,20,          47,                   34,     2070.73529,      92873.1765,        1.67647059,    1.67647059,  92456.8824,5.29411765,         0,         0,5.85294118,               0
ol79-orcl-db01_ORCLCDB_132841,21,           2,                   83,     31015.6265,      202197.952,        5890.26506,    662.108434,  200176.819,22.3493976,         0,         0,         0,               0
ol79-orcl-db01_ORCLCDB_132841,22,           3,                  578,     8598.96021,      215575.061,        1817.69896,    2023.07093,  214328.194,18.0294118,         0,         0,86.4844291,               0
ol79-orcl-db01_ORCLCDB_132841,22,           7,                   16,        8707.25,      86208.9375,            1890.5,      188.5625,   85200.875,    1.6875,         0,         0,         0,               0
ol79-orcl-db01_ORCLCDB_132841,22,         189,                   21,     2976.52381,      263726.714,         72.952381,    71.7619048,  261818.905,22.1904762,         0,         0, 79.047619,               0
ol79-orcl-db01_ORCLCDB_132841,11,           7,                    3,     59.6666667,      532.333333,                 5,             5,  355.666667,         0,         0,         0,         0,               0
ol79-orcl-db01_ORCLCDB_132841,01,           2,                  112,     704.982143,      43253.9643,        330.205357,    11.2767857,  42816.4554,     1.625,         0,         0,3.83035714,               0
ol79-orcl-db01_ORCLCDB_132841,02,          47,                   35,     2271.85714,      107843.371,        1.77142857,    1.77142857,  107228.829,         3,         0,         0,      65.8,               0
ol79-orcl-db01_ORCLCDB_132841,04,           7,                   18,     25.0555556,      419.555556,        .722222222,    7.38888889,  371.388889,         0,         0,         0,         0,               0
ol79-orcl-db01_ORCLCDB_132841,05,           6,                   57,     451.403509,      5605.78947,         61.754386,    53.7719298,  5515.07018,1.21052632,         0,         0,422.421053,               0
ol79-orcl-db01_ORCLCDB_132841,08,           7,                   40,       1655.475,        27060.35,              .025,         6.175,     26891.2,         0,         0,         0,     5.875,               0
ol79-orcl-db01_ORCLCDB_132841,09,          47,                   27,     1682.77778,      139360.296,        1.66666667,    2.25925926,  138392.852,         0,         0,         0,         0,               0
ol79-orcl-db01_ORCLCDB_132841,10,           2,                  120,        3440.65,      54781.7333,            941.95,    66.9333333,  54282.5917,2.29166667,         0,         0,         0,               0
ol79-orcl-db01_ORCLCDB_132841,10,          47,                   16,      1175.1875,      198857.563,              2.75,          2.75,  197653.813,         0,         0,         0,         0,               0
ol79-orcl-db01_ORCLCDB_132841,11,           3,                  422,     1032.17773,      10913.8768,        176.251185,     80.450237,  9290.20142,.075829384,         0,         0,         0,               0
ol79-orcl-db01_ORCLCDB_132841,12,           2,                  128,     798.546875,      38725.5547,        415.320313,      9.953125,  38136.8672,         0,         0,         0, 1.1484375,               0
ol79-orcl-db01_ORCLCDB_132841,12,           6,                   53,     176.981132,      6642.92453,         26.245283,    15.6415094,  3180.84906,1.33962264,         0,         0,3486.15094,               0
ol79-orcl-db01_ORCLCDB_132841,12,           7,                   16,        18.9375,         405.375,             .0625,        7.5625,      383.25,         0,         0,         0,         0,               0
ol79-orcl-db01_ORCLCDB_132841,15,          47,                   16,        1326.25,        175986.5,               2.5,           2.5,   174998.25,         0,         0,         0,         0,               0
ol79-orcl-db01_ORCLCDB_132841,20,           6,                   43,     159.674419,      7113.67442,        35.9534884,    32.8837209,  3189.60465,2.25581395,         0,         0, 3989.2093,               0
ol79-orcl-db01_ORCLCDB_132841,21,           3,                  560,     10447.6446,      166634.466,        2874.76964,    2300.68036,  166456.282,    137.95,         0,         0,11.2714286,               0
ol79-orcl-db01_ORCLCDB_132841,22,          47,                   20,        7121.25,        566675.4,              2.15,          2.15,   560451.65,   2277.65,         0,         0,      14.8,               0
ol79-orcl-db01_ORCLCDB_132841,07,           7,                    2,           42.5,           360.5,               3.5,           3.5,       163.5,         0,         0,         0,         0,               0
ol79-orcl-db01_ORCLCDB_132841,00,          47,                   35,     5012.71429,      142335.743,        73.9714286,    73.9714286,    141794.2,66.7714286,         0,         0,         0,               0
ol79-orcl-db01_ORCLCDB_132841,02,           6,                   45,          270.6,      4714.22222,        63.4888889,    57.1333333,  4829.26667,10.6666667,         0,         0,4.02222222,               0
ol79-orcl-db01_ORCLCDB_132841,03,           6,                   61,     177.262295,      6896.68852,        26.4098361,    15.7868852,   3165.2459,         0,         0,         0, 3834.7541,               0
ol79-orcl-db01_ORCLCDB_132841,04,           2,                  127,     742.866142,      37432.2598,        407.456693,    10.0314961,  37175.1181,1.28346457,         0,         0,         0,               0
ol79-orcl-db01_ORCLCDB_132841,04,           6,                   48,     174.208333,      2831.79167,           24.5625,    12.8958333,  2484.47917,4.54166667,         0,         0,   320.875,               0
ol79-orcl-db01_ORCLCDB_132841,06,           3,                  505,     1707.84356,      26286.9347,        506.035644,    203.665347,  24846.9822,10.7881188,         0,         0, 4.7960396,               0
ol79-orcl-db01_ORCLCDB_132841,06,         189,                   18,     452.166667,      162891.222,        68.3333333,    70.2777778,  161889.667,29.7222222,         0,         0,         0,               0
ol79-orcl-db01_ORCLCDB_132841,07,           3,                  426,     1017.97653,      10888.2653,        183.551643,    80.6173709,  9170.29343,.039906103,         0,         0,         0,               0
ol79-orcl-db01_ORCLCDB_132841,07,          47,                   20,         1423.6,        156701.5,              2.35,          2.35,   155793.45,      22.1,         0,         0,         0,               0
ol79-orcl-db01_ORCLCDB_132841,08,          47,                   56,     15954.1429,      481979.786,        1.48214286,    1.48214286,  479148.964,434.410714,         0,         0,42.2321429,               0
ol79-orcl-db01_ORCLCDB_132841,09,         170,                   10,           7407,        245818.8,                 0,             1,    243691.3,      35.6,         0,         0,     391.1,               0
ol79-orcl-db01_ORCLCDB_132841,09,           6,                   42,     175.452381,      10762.4048,        36.6428571,    31.6428571,  4069.59524,1.61904762,         0,         0,6191.14286,               0
ol79-orcl-db01_ORCLCDB_132841,11,          47,                   19,     1406.36842,      167904.789,        2.47368421,    2.47368421,  166915.158,7.57894737,         0,         0,         0,               0
ol79-orcl-db01_ORCLCDB_132841,14,           7,                   42,           5371,      63325.9762,        813.428571,     71.547619,   62761.381,         0,         0,         0,         0,               0
ol79-orcl-db01_ORCLCDB_132841,16,           2,                  110,     782.618182,      39111.5273,        416.554545,    10.2636364,  38849.2273,.372727273,         0,         0,         0,               0
ol79-orcl-db01_ORCLCDB_132841,16,           7,                   14,     18.7857143,      417.642857,        .071428571,           7.5,  386.071429,         0,         0,         0,         0,               0
ol79-orcl-db01_ORCLCDB_132841,17,         189,                   16,       422.9375,      166315.813,            70.125,        72.125,      165523,   29.0625,         0,         0,         0,               0
ol79-orcl-db01_ORCLCDB_132841,17,          47,                   17,     1424.29412,      167806.588,        2.41176471,    2.41176471,  167171.588,34.8823529,         0,         0,         0,               0
ol79-orcl-db01_ORCLCDB_132841,19,           2,                  113,     797.823009,      38572.4513,        431.318584,    10.0707965,  38357.3982,1.42477876,         0,         0,         0,               0
ol79-orcl-db01_ORCLCDB_132841,19,           7,                    6,             63,      528.833333,        4.83333333,    5.83333333,  381.666667,         0,         0,         0,         0,               0
ol79-orcl-db01_ORCLCDB_132841,20,           7,                   37,     1752.02703,      26213.0541,        13.8108108,    6.13513514,  26066.2432,         0,         0,         0,         0,               0
ol79-orcl-db01_ORCLCDB_132841,23,           6,                   46,      242.26087,      8704.13043,        45.8478261,     39.673913,  5625.71739,5.02173913,         0,         0,3043.78261,               0
ol79-orcl-db01_ORCLCDB_132841,23,          47,                   17,     1942.11765,      189395.824,        2.41176471,    2.41176471,  188348.294,3.82352941,         0,         0,         0,               0
ol79-orcl-db01_ORCLCDB_132841,22,           6,                   26,     1200.96154,      16897.2308,        303.115385,    304.961538,  15425.3077,41.3461538,         0,         0,1660.15385,               0
ol79-orcl-db01_ORCLCDB_132841,02,           2,                  113,     715.858407,      42541.2655,        336.221239,    11.1415929,  41963.7788,.292035398,         0,         0,         0,               0
ol79-orcl-db01_ORCLCDB_132841,01,         170,                    9,     3069.88889,      153236.667,                 0,             1,  150464.111,22.5555556,         0,         0,1712.44444,               0
ol79-orcl-db01_ORCLCDB_132841,05,           2,                  122,     3703.40164,      55969.5656,        945.008197,    68.2868852,  55269.5984,2.63114754,         0,         0,.737704918,               0
ol79-orcl-db01_ORCLCDB_132841,06,           6,                   50,         558.72,         7594.06,             84.86,         75.34,      6193.5,      4.06,         0,         0,   1514.78,               0
ol79-orcl-db01_ORCLCDB_132841,06,          47,                   27,     2400.07407,      253325.556,                 2,             2,   251461.63,422.666667,         0,         0,190.222222,               0
ol79-orcl-db01_ORCLCDB_132841,09,         189,                   18,     437.166667,        159729.5,        72.3333333,    74.2777778,  158327.278,18.3888889,         0,         0,         0,               0
ol79-orcl-db01_ORCLCDB_132841,11,           2,                  128,     815.398438,      38259.9531,        424.234375,    10.0078125,  37949.9063, 1.6640625,         0,         0,         0,               0
ol79-orcl-db01_ORCLCDB_132841,13,           6,                   52,     150.884615,      9085.53846,        22.8461538,    14.8269231,  2720.34615,1.09615385,         0,         0,6389.67308,               0
ol79-orcl-db01_ORCLCDB_132841,16,           6,                   52,     161.557692,      7313.94231,        23.8076923,    14.4230769,  2721.21154,         0,         0,         0,4590.07692,               0
ol79-orcl-db01_ORCLCDB_132841,16,          47,                   16,        1373.25,      179114.938,               2.5,           2.5,  178136.438,         0,         0,         0,         0,               0
ol79-orcl-db01_ORCLCDB_132841,18,           7,                   21,     7482.09524,      77957.2381,        1578.71429,    138.238095,   77617.619,         0,         0,         0,         0,               0
ol79-orcl-db01_ORCLCDB_132841,20,           3,                  438,     893.376712,      11960.3311,        127.687215,    78.5296804,  10504.6256, .03652968,         0,         0,         0,               0
ol79-orcl-db01_ORCLCDB_132841,23,           3,                  437,     887.796339,      9944.84668,        172.718535,    74.8993135,  8460.56522,.148741419,         0,         0,         4,               0
ol79-orcl-db01_ORCLCDB_132841,23,         189,                   16,        445.125,        166324.5,           72.0625,            74,    165708.5,     50.75,         0,         0,         0,               0
ol79-orcl-db01_ORCLCDB_132841,22,         170,                   10,       470171.7,      13312724.9,                 0,             1,  13245231.7,    6773.4,         0,    1031.5,     358.2,               0
ol79-orcl-db01_ORCLCDB_132841,22,           2,                   63,     6302.77778,      91332.4127,        1070.80952,    234.888889,  90209.0635,5.31746032,         0,         0,2.87301587,               0
ol79-orcl-db01_ORCLCDB_132841,00,           3,                  452,     1327.01991,      12546.2323,        407.553097,    192.418142,  11082.9735,.192477876,         0,         0,         0,               0
ol79-orcl-db01_ORCLCDB_132841,00,         189,                   18,     692.444444,          160536,        112.944444,    114.777778,  159677.556,24.9444444,         0,         0,         0,               0
ol79-orcl-db01_ORCLCDB_132841,01,         189,                   18,     446.666667,      158335.167,                74,    75.8888889,  157328.833,44.9444444,         0,         0,         0,               0
ol79-orcl-db01_ORCLCDB_132841,02,           3,                  507,     937.424063,      9904.68836,        123.218935,    80.1715976,  8491.72189,         0,         0,         0, 24.852071,               0
ol79-orcl-db01_ORCLCDB_132841,06,           7,                   19,     8666.10526,      86797.9474,        1990.52632,    192.631579,  86459.8421,         0,         0,         0,         0,               0
ol79-orcl-db01_ORCLCDB_132841,05,           7,                   10,        14244.5,        138664.4,            3275.8,         320.4,    138078.5,       4.5,         0,         0,         0,               0
ol79-orcl-db01_ORCLCDB_132841,07,           2,                  125,        832.344,       39188.656,           405.624,        10.168,    38924.28,     3.232,         0,         0,      .424,               0
ol79-orcl-db01_ORCLCDB_132841,07,         189,                   18,     457.666667,      159525.833,        73.8888889,    75.8333333,  158923.778,36.3888889,         0,         0,         0,               0
ol79-orcl-db01_ORCLCDB_132841,10,         189,                   18,     485.722222,        170196.5,        79.6111111,    81.6666667,  169479.056,18.3888889,         0,         0,         0,               0
ol79-orcl-db01_ORCLCDB_132841,11,         189,                   18,     432.722222,      163695.167,        70.6666667,    72.6111111,  162606.556,6.88888889,         0,         0,         0,               0
ol79-orcl-db01_ORCLCDB_132841,12,           3,                  398,     1070.21357,      11530.7362,        183.919598,    83.4371859,  9867.88191,         0,         0,         0,.015075377,               0
ol79-orcl-db01_ORCLCDB_132841,10,           7,                   20,        7170.05,        75094.55,           1494.25,        135.05,     74348.5,         0,         0,         0,       1.2,               0
ol79-orcl-db01_ORCLCDB_132841,14,         189,                   20,        5320.95,        416702.6,             70.85,          64.8,    413901.2,     24.25,         0,         0,      54.4,               0
ol79-orcl-db01_ORCLCDB_132841,17,           2,                  117,     778.863248,      36687.7009,        431.068376,    9.86324786,   36274.812,1.30769231,         0,         0,1.17948718,               0
ol79-orcl-db01_ORCLCDB_132841,17,           6,                   53,     147.415094,      4820.11321,        21.9433962,     13.754717,  2631.62264,1.20754717,         0,         0,2253.11321,               0
ol79-orcl-db01_ORCLCDB_132841,17,           7,                    3,     55.6666667,      472.666667,        4.66666667,    4.66666667,  210.333333,         0,         0,         0,         0,               0
ol79-orcl-db01_ORCLCDB_132841,18,           2,                  101,     4036.94059,      62555.7822,        1031.20792,    75.3267327,  61843.4653,26.9009901,         0,         0,4.81188119,               0
ol79-orcl-db01_ORCLCDB_132841,19,          47,                   17,     1272.94118,      168197.647,        2.41176471,    2.41176471,  167406.294,         0,         0,         0,         0,               0
ol79-orcl-db01_ORCLCDB_132841,21,           6,                   52,     2112.78846,      20910.9038,               300,        306.75,  22696.8462,3.61538462,         0,         0,2.26923077,               0
ol79-orcl-db01_ORCLCDB_132841,21,          47,                    7,     877.428571,      242600.857,        3.14285714,    3.14285714,  240967.429,         0,         0,         0,         0,               0
ol79-orcl-db01_ORCLCDB_132841,21,         170,                    6,     1663690.17,      34875768.8,                 0,             0,  34619830.5,79015.6667,         0,    1871.5,      3473,               0
ol79-orcl-db01_ORCLCDB_132841,23,           2,                  105,     799.419048,           43778,             352.4,    10.6857143,  43402.7048,1.82857143,         0,         0,        .2,               0
ol79-orcl-db01_ORCLCDB_132841,14,         170,                    4,      391452.25,      6727746.25,                 0,             1,  6676856.75,   9217.25,         0,   1780.75,    1176.5,               0
ol79-orcl-db01_ORCLCDB_132841,18,          26,                    1,              0,            1331,                 0,            61,        1299,         0,         0,         0,         0,               0
ol79-orcl-db01_ORCLCDB_132841,23,           7,                    1,              7,             136,                 1,             1,         136,         0,         0,         0,         0,               0
